C:\temp\BuildProdDockerSource\gitsourcecode\qemuSplatform>q:\PuTTYPortable\App\putty\plink.exe -ssh osboxes@127.0.0.1 -P 10022 -pw oxboxes.org -m q:\puttycommands.txt
Aosboxes@127.0.0.1's password:
ccess denied
Access granted. Press Return to begin session.
sudo: no tty present and no askpass program specified
[sudo] password for osboxes: Loaded plugins: fastestmirror, langpacks
Loading mirror speeds from cached hostfile
 * base: mirror-pl.kielcetechnologypark.net
 * extras: mirror-pl.kielcetechnologypark.net
 * updates: mirror-pl.kielcetechnologypark.net
https://download.docker.com/linux/centos/7/x86_64/stable/repodata/repomd.xml: [Errno 14] curl#6 - "Could not resolve host: download.docker.com; Unknown error"
Trying other mirror.
Package git-1.8.3.1-23.el7_8.x86_64 already installed and latest version
Nothing to do
Cloning into '.'...
Checking out files: 100% (778/778), done.
[sudo] password for osboxes: Sending build context to Docker daemon  160.3MB
Step 1/15 : ARG K8S_PORT=3000
Step 2/15 : FROM node:14
 ---> 9153ee3e2ced
Step 3/15 : RUN apt-get update
 ---> Using cache
 ---> c5f9fda337a3
Step 4/15 : WORKDIR /usr/app
 ---> Using cache
 ---> 6da1ec9e7ad2
Step 5/15 : RUN npm install -g @angular/cli@12
 ---> Using cache
 ---> 6f964f7647da
Step 6/15 : COPY ["package.json", "package-lock.json*", "./"]
 ---> Using cache
 ---> ec11624a2079
Step 7/15 : RUN ls
 ---> Running in 5ccf8bce8afd
package-lock.json
package.json
Removing intermediate container 5ccf8bce8afd
 ---> 9ceb5fef8738
Step 8/15 : RUN npm install
 ---> Running in b66e5fc7df51
[91mnpm[0m[91m [0m[91mWARN[0m[91m read-shrinkwrap This version of npm is compatible with lockfileVersion@1, but package-lock.json was generated for lockfileVersion@2. I'll try to do my best with it!
[0m
> core-js@3.8.3 postinstall /usr/app/node_modules/@angular-devkit/build-angular/node_modules/core-js
> node -e "try{require('./postinstall')}catch(e){}"

[96mThank you for using core-js ([94m https://github.com/zloirock/core-js [96m) for polyfilling JavaScript standard library![0m

[96mThe project needs your help! Please consider supporting of core-js on Open Collective or Patreon: [0m
[96m>[94m https://opencollective.com/core-js [0m
[96m>[94m https://www.patreon.com/zloirock [0m

[96mAlso, the author of core-js ([94m https://github.com/zloirock [96m) is looking for a good job -)[0m


> @angular/cli@11.2.8 postinstall /usr/app/node_modules/@angular/cli
> node ./bin/postinstall/script.js


> core-js@2.6.12 postinstall /usr/app/node_modules/core-js
> node -e "try{require('./postinstall')}catch(e){}"

[96mThank you for using core-js ([94m https://github.com/zloirock/core-js [96m) for polyfilling JavaScript standard library![0m

[96mThe project needs your help! Please consider supporting of core-js on Open Collective or Patreon: [0m
[96m>[94m https://opencollective.com/core-js [0m
[96m>[94m https://www.patreon.com/zloirock [0m

[96mAlso, the author of core-js ([94m https://github.com/zloirock [96m) is looking for a good job -)[0m

[91mnpm[0m[91m [0m[91mWARN[0m[91m [0m[91moptional SKIPPING OPTIONAL DEPENDENCY: fsevents@1.2.13 (node_modules/webpack-dev-server/node_modules/fsevents):
[0m[91mnpm WARN notsup SKIPPING OPTIONAL DEPENDENCY: Unsupported platform for fsevents@1.2.13: wanted {"os":"darwin","arch":"any"} (current: {"os":"linux","arch":"x64"})
[0m[91mnpm[0m[91m [0m[91mWARN optional SKIPPING OPTIONAL DEPENDENCY: fsevents@1.2.13 (node_modules/watchpack-chokidar2/node_modules/fsevents):
npm WARN [0m[91mnotsup[0m[91m SKIPPING OPTIONAL DEPENDENCY: Unsupported platform for fsevents@1.2.13: wanted {"os":"darwin","arch":"any"} (current: {"os":"linux","arch":"x64"})
[0m[91mnpm[0m[91m WARN optional SKIPPING OPTIONAL DEPENDENCY: fsevents@2.3.2 (node_modules/fsevents):
npm WARN notsup SKIPPING OPTIONAL DEPENDENCY: Unsupported platform for fsevents@2.3.2: wanted {"os":"darwin","arch":"any"} (current: {"os":"linux","arch":"x64"})
[0m[91m
[0madded 1751 packages from 1350 contributors and audited 1759 packages in 1375.855s

98 packages are looking for funding
  run `npm fund` for details

found 56 vulnerabilities (2 low, 53 moderate, 1 high)
  run `npm audit fix` to fix them, or `npm audit` for details
Removing intermediate container b66e5fc7df51
 ---> dabf83b034c2
Step 9/15 : COPY . .
 ---> 4aa9a8c99704
Step 10/15 : RUN npm run build:prod
 ---> Running in 89477b2caab9

> ng-pi-admin@0.0.0 build:prod /usr/app
> node ./update-timestamp.js && ng build --prod --base-href / --output-path=production/public

[91mCompiling @angular/core : es2015 as esm2015
[0m[91mCompiling @angular/common : es2015 as esm2015
[0m[91mCompiling @angular/platform-browser : es2015 as esm2015
[0m[91mCompiling @angular/platform-browser-dynamic : es2015 as esm2015
[0m[91mCompiling @angular/cdk/bidi : es2015 as esm2015
[0m[91mCompiling @angular/cdk/platform : es2015 as esm2015
[0m[91mCompiling @angular/cdk/collections : es2015 as esm2015
[0m[91mCompiling @angular/cdk/scrolling : es2015 as esm2015
[0m[91mCompiling @angular/cdk/portal : es2015 as esm2015
[0m[91mCompiling @angular/cdk/keycodes : es2015 as esm2015
[0m[91mCompiling @angular/cdk/overlay : es2015 as esm2015
[0m[91mCompiling ng-zorro-antd/core/types : es2015 as esm2015
[0m[91mCompiling @angular/common/http : es2015 as esm2015
[0m[91mCompiling @ant-design/icons-angular : es2015 as esm2015
[0m[91mCompiling ng-zorro-antd/core/environments : es2015 as esm2015
[0m[91mCompiling ng-zorro-antd/core/logger : es2015 as esm2015
[0m[91mCompiling ng-zorro-antd/core/util : es2015 as esm2015
[0m[91mCompiling ng-zorro-antd/core/polyfill : es2015 as esm2015
[0m[91mCompiling @angular/cdk/layout : es2015 as esm2015
[0m[91mCompiling ng-zorro-antd/core/services : es2015 as esm2015
[0m[91mCompiling ng-zorro-antd/core/config : es2015 as esm2015
[0m[91mCompiling @angular/cdk/observers : es2015 as esm2015
[0m[91mCompiling @angular/cdk/a11y : es2015 as esm2015
[0m[91mCompiling @angular/animations : es2015 as esm2015
[0m[91mCompiling @angular/animations/browser : es2015 as esm2015
[0m[91mCompiling @angular/platform-browser/animations : es2015 as esm2015
[0m[91mCompiling ng-zorro-antd/core/time : es2015 as esm2015
[0m[91mCompiling ng-zorro-antd/i18n : es2015 as esm2015
[0m[91mCompiling @ant-design/icons-angular/icons : es2015 as esm2015
[0m[91mCompiling ng-zorro-antd/icon : es2015 as esm2015
[0m[91mCompiling ng-zorro-antd/core/transition-patch : es2015 as esm2015
[0m[91mCompiling ng-zorro-antd/core/wave : es2015 as esm2015
[0m[91mCompiling ng-zorro-antd/button : es2015 as esm2015
[0m[91mCompiling ng-zorro-antd/core/no-animation : es2015 as esm2015
[0m[91mCompiling ng-zorro-antd/core/outlet : es2015 as esm2015
[0m[91mCompiling ng-zorro-antd/pipes : es2015 as esm2015
[0m[91mCompiling ng-zorro-antd/modal : es2015 as esm2015
[0m[91mCompiling @angular/forms : es2015 as esm2015
[0m[91mCompiling @angular/material/core : es2015 as esm2015
[0m[91mCompiling @angular/material/button : es2015 as esm2015
[0m[91mCompiling @angular/material/snack-bar : es2015 as esm2015
[0m[91mCompiling ng-zorro-antd/core/animation : es2015 as esm2015
[0m[91mCompiling ng-zorro-antd/message : es2015 as esm2015
[0m[91mCompiling ngx-pagination : module as esm5
[0m[91mCompiling ng-zorro-antd/grid : es2015 as esm2015
[0m[91mCompiling ng-zorro-antd/core/color : es2015 as esm2015
[0m[91mCompiling ng-zorro-antd/core/overlay : es2015 as esm2015
[0m[91mCompiling ng-zorro-antd/tooltip : es2015 as esm2015
[0m[91mCompiling ng-zorro-antd/form : es2015 as esm2015
[0m[91mCompiling @angular/cdk/clipboard : es2015 as esm2015
[0m[91mCompiling ng-zorro-antd/core/trans-button : es2015 as esm2015
[0m[91mCompiling ng-zorro-antd/input : es2015 as esm2015
[0m[91mCompiling ng-zorro-antd/typography : es2015 as esm2015
[0m[91mCompiling ng-zorro-antd/checkbox : es2015 as esm2015
[0m[91mCompiling ng-zorro-antd/core/resize-observers : es2015 as esm2015
[0m[91mCompiling ng-zorro-antd/page-header : es2015 as esm2015
[0m[91mCompiling ng-zorro-antd/card : es2015 as esm2015
[0m[91mCompiling @angular/router : es2015 as esm2015
[0m[91mCompiling ng-zorro-antd/menu : es2015 as esm2015
[0m[91mCompiling ng-zorro-antd/dropdown : es2015 as esm2015
[0m[91mCompiling ng-zorro-antd/breadcrumb : es2015 as esm2015
[0m[91mCompiling @angular/material/menu : es2015 as esm2015
[0m[91mCompiling @angular/material/tabs : es2015 as esm2015
[0m[91mCompiling ngx-quill : es2015 as esm2015
[0m[91mCompiling @angular/material/form-field : es2015 as esm2015
[0m[91mCompiling @angular/material/autocomplete : es2015 as esm2015
[0m[91mCompiling @angular/material/select : es2015 as esm2015
[0m[91mCompiling @angular/material/chips : es2015 as esm2015
[0m[91mCompiling @angular/material/card : es2015 as esm2015
[0m[91mCompiling @angular/material/checkbox : es2015 as esm2015
[0m[91mCompiling @angular/material/dialog : es2015 as esm2015
[0m[91mCompiling @angular/cdk/text-field : es2015 as esm2015
[0m[91mCompiling @angular/material/input : es2015 as esm2015
[0m[91mCompiling @angular/material/datepicker : es2015 as esm2015
[0m[91mCompiling @angular/material/icon : es2015 as esm2015
[0m[91mCompiling @angular-material-components/datetime-picker : es2015 as esm2015
[0m[91mCompiling @angular/material-moment-adapter : es2015 as esm2015
[0m[91m- Generating browser application bundles...
[0m[91mÔťö Browser application bundle generation complete.
[0m[91m- Generating ES5 bundles for differential loading...
[0m[91mÔťö ES5 bundle generation complete.
[0m[91m- Copying assets...
[0m[91mÔťö Copying assets complete.
[0m[91m- Generating index html...
[0m[91mÔťö Index html generation complete.
[0m
Initial Chunk Files                      | Names                |      Size
main-es5.8f30d50008608dec264a.js         | main                 |   2.26 MB
main-es2015.8f30d50008608dec264a.js      | main                 |   2.12 MB
styles.69424c70ce6f8d2bdc03.css          | styles               |   1.10 MB
scripts.c6b195a8174687513f7d.js          | scripts              | 974.28 kB
polyfills-es5.6193de4b77fcbbd30b50.js    | polyfills-es5        | 144.46 kB
polyfills-es2015.afa4847aca747d29d924.js | polyfills            |  48.60 kB
runtime-es2015.cfd918eb5b796bbf1000.js   | runtime              |   2.85 kB
runtime-es5.cfd918eb5b796bbf1000.js      | runtime              |   2.84 kB

| Initial ES5 Total    |   4.45 MB
| Initial ES2015 Total |   4.22 MB

Lazy Chunk Files                         | Names                |      Size
8-es5.0cd353694d30e511bff9.js            | -                    |   1.24 MB
8-es2015.0cd353694d30e511bff9.js         | -                    |   1.24 MB
29-es5.41cc0672eaa58e579d89.js           | -                    | 208.96 kB
29-es2015.41cc0672eaa58e579d89.js        | -                    | 208.95 kB
3-es2015.42248dabf56a75ec3bef.js         | -                    |  87.24 kB
3-es5.42248dabf56a75ec3bef.js            | -                    |  87.23 kB
22-es5.dc6d3e681e2940f09d23.js           | -                    |  72.38 kB
22-es2015.dc6d3e681e2940f09d23.js        | -                    |  65.78 kB
1-es5.27f066435dfdaa01d4c4.js            | -                    |  41.73 kB
12-es5.a2327805c170b72bb059.js           | -                    |  37.53 kB
12-es2015.a2327805c170b72bb059.js        | -                    |  36.39 kB
1-es2015.27f066435dfdaa01d4c4.js         | -                    |  35.71 kB
27-es5.505e3957ca9fb6dbd4f4.js           | -                    |  21.68 kB
9-es5.50626a0ba9dba2556796.js            | -                    |  21.16 kB
27-es2015.505e3957ca9fb6dbd4f4.js        | -                    |  20.72 kB
9-es2015.50626a0ba9dba2556796.js         | -                    |  20.72 kB
11-es5.5fe320d9c159a2f038a3.js           | -                    |  14.22 kB
11-es2015.5fe320d9c159a2f038a3.js        | -                    |  13.25 kB
13-es5.5c7f8baf79c879cea419.js           | -                    |  10.17 kB
13-es2015.5c7f8baf79c879cea419.js        | -                    |   9.49 kB
20-es5.43338d8c449242bc4602.js           | -                    |   9.03 kB
20-es2015.43338d8c449242bc4602.js        | -                    |   8.27 kB
15-es5.735f6791733668fe1329.js           | -                    |   8.15 kB
15-es2015.735f6791733668fe1329.js        | -                    |   7.45 kB
18-es5.c7c98c24e324ba2878ef.js           | -                    |   4.66 kB
17-es5.c304f40d82cf539f391b.js           | -                    |   4.41 kB
common-es5.517a17aeb5abdb3c0222.js       | common               |   4.17 kB
18-es2015.c7c98c24e324ba2878ef.js        | -                    |   3.99 kB
26-es5.a65298ac75a3d642a5b4.js           | -                    |   3.95 kB
common-es2015.517a17aeb5abdb3c0222.js    | common               |   3.81 kB
17-es2015.c304f40d82cf539f391b.js        | -                    |   3.73 kB
23-es5.c486af1dce41e21c1203.js           | -                    |   3.72 kB
25-es5.21f63b3f80a00d1da348.js           | -                    |   3.62 kB
26-es2015.a65298ac75a3d642a5b4.js        | -                    |   3.49 kB
28-es5.d739f250f9aad80e446f.js           | -                    |   3.38 kB
23-es2015.c486af1dce41e21c1203.js        | -                    |   3.22 kB
25-es2015.21f63b3f80a00d1da348.js        | -                    |   3.21 kB
24-es5.f53aa18a2976e5228ea7.js           | -                    |   2.94 kB
28-es2015.d739f250f9aad80e446f.js        | -                    |   2.87 kB
16-es5.e853485e01d14097a044.js           | -                    |   2.76 kB
24-es2015.f53aa18a2976e5228ea7.js        | -                    |   2.58 kB
19-es5.f25545cede7554eaea78.js           | -                    |   2.57 kB
21-es5.3cf3e761b06b50638a92.js           | -                    |   2.56 kB
14-es5.06a9f4758d25d5a359fe.js           | -                    |   2.51 kB
16-es2015.e853485e01d14097a044.js        | -                    |   2.40 kB
21-es2015.3cf3e761b06b50638a92.js        | -                    |   2.20 kB
19-es2015.f25545cede7554eaea78.js        | -                    |   2.19 kB
14-es2015.06a9f4758d25d5a359fe.js        | -                    |   2.14 kB
10-es5.1f19292589908c106c7a.js           | -                    |   1.86 kB
10-es2015.1f19292589908c106c7a.js        | -                    |   1.51 kB

Build at: 2021-06-07T13:31:57.461Z - Hash: c9af8af006d30545434d - Time: 3445006ms
[91m
Warning: ./src/app/pages/expenses-modal/expenses-modal.component.scss
Module Warning (from ./node_modules/postcss-loader/dist/cjs.js):
Warning

(3:3) autoprefixer: start value has mixed support, consider using flex-start instead

Warning: /usr/app/src/app/pages/import-expenses/import-expenses.component.ts depends on 'convert-csv-to-array'. CommonJS or AMD dependencies can cause optimization bailouts.
For more info see: https://angular.io/guide/build#configuring-commonjs-dependencies

Warning: /usr/app/src/app/pages/import-expenses/import-expenses.component.ts depends on 'xlsx'. CommonJS or AMD dependencies can cause optimization bailouts.
For more info see: https://angular.io/guide/build#configuring-commonjs-dependencies

[0m[91m
[0mRemoving intermediate container 89477b2caab9
 ---> 71430b3d4adc
Step 11/15 : RUN cd production
 ---> Running in f0d48a0b4cfa
Removing intermediate container f0d48a0b4cfa
 ---> ee01bb6f8519
Step 12/15 : WORKDIR /usr/app/production
 ---> Running in f8ab2ec8ad60
Removing intermediate container f8ab2ec8ad60
 ---> 7fc4dadd9eba
Step 13/15 : RUN npm install
 ---> Running in 2c72318182d6
[91mnpm[0m[91m notice created a lockfile as package-lock.json. You should commit this file.
[0m[91mnpm[0m[91m [0m[91mWARN[0m[91m angular-deply-test@1.0.0 No description
[0m[91mnpm [0m[91mWARN angular-deply-test@1.0.0 No repository field.
[0m[91m
[0madded 50 packages from 37 contributors and audited 50 packages in 32.385s
found 0 vulnerabilities

Removing intermediate container 2c72318182d6
 ---> 3a2814651c5d
Step 14/15 : EXPOSE ${K8S_PORT}
 ---> Running in 4f024b26153b
Removing intermediate container 4f024b26153b
 ---> c524ffbb0f46
Step 15/15 : CMD [ "node", "index.js" ]
 ---> Running in 18fcf9010eb9
Removing intermediate container 18fcf9010eb9
 ---> 3886f0a6c16c
Successfully built 3886f0a6c16c
Successfully tagged prodimage:latest
[sudo] password for osboxes: REPOSITORY          TAG                 IMAGE ID            CREATED             SIZE
prodimage           latest              3886f0a6c16c        6 seconds ago       2.07GB
<none>              <none>              a08e44f35a10        2 hours ago         1.85GB
<none>              <none>              a9534ffd2ec0        2 hours ago         1.85GB
<none>              <none>              20b226a584a3        2 hours ago         1.92GB
<none>              <none>              8b491248933b        15 hours ago        1.92GB
<none>              <none>              3abf5c7d58ae        16 hours ago        1.92GB
<none>              <none>              16eb84785aec        17 hours ago        1.92GB
<none>              <none>              d4dba6e4cf0b        23 hours ago        966MB
<none>              <none>              62fb9a2c83d1        23 hours ago        1.92GB
<none>              <none>              533a39d1cf15        25 hours ago        966MB
<none>              <none>              4a78498944e3        25 hours ago        1.92GB
<none>              <none>              a8fffe46beb2        27 hours ago        1.37GB
<none>              <none>              478c3af25cea        28 hours ago        1.37GB
<none>              <none>              4449d9ef8a30        29 hours ago        1.85GB
<none>              <none>              9fdaabda36ce        29 hours ago        977MB
<none>              <none>              461bdd30fb61        39 hours ago        988MB
<none>              <none>              c31e317b8387        39 hours ago        1.92GB
<none>              <none>              57f7c9422d12        41 hours ago        966MB
<none>              <none>              c2df327e238b        41 hours ago        1.92GB
<none>              <none>              2884ce6c1f28        47 hours ago        966MB
<none>              <none>              400e8bfa3bdd        47 hours ago        1.92GB
<none>              <none>              8dc7134f0817        2 days ago          966MB
<none>              <none>              8d37a05bdfe7        2 days ago          1.92GB
<none>              <none>              b35b40415581        2 days ago          1.06GB
node                14                  9153ee3e2ced        3 weeks ago         943MB
node                13                  2b9604a36e49        12 months ago       943MB
[sudo] password for osboxes: CONTAINER ID        IMAGE               COMMAND             CREATED             STATUS              PORTS               NAMES
[sudo] password for osboxes: [sudo] password for osboxes: [sudo] password for osboxes: CONTAINER ID        IMAGE               COMMAND             CREATED             STATUS              PORTS               NAMES
bash: _docker: command not found
bash: _docker: command not found
App listening on port 3000!
